INFO [acme.Launcher] Starting Launcher using Java 1.8.0_281 on DESKTOP-GA4H6FR with PID 5744 (C:\Users\pablo\OneDrive\Desktop\Workspace-21.1\Starters\Starter-Project\target\classes started by pablo in C:\Users\pablo\OneDrive\Desktop\Workspace-21.1\Starters\Starter-Project)
INFO [acme.Launcher] The following profiles are active: development,populator
INFO [acme.Launcher] Started Launcher in 4.348 seconds (JVM running for 4.78)
INFO [acme.framework.utilities.DatabasePopulator] Populating initial data
INFO [acme.framework.utilities.DatabasePopulator] Recreating schema
INFO [acme.framework.utilities.DatabasePopulator] Populating entities from classpath:/WEB-INF/population/initial-data.xml
INFO [acme.framework.utilities.DatabasePopulator] Validating your entities.
INFO [acme.framework.utilities.DatabasePopulator] Validating anonymousUserAccount ... PASS
INFO [acme.framework.utilities.DatabasePopulator] Validating anonymousAnonymous ... PASS
INFO [acme.framework.utilities.DatabasePopulator] Validating administratorUserAccount ... PASS
INFO [acme.framework.utilities.DatabasePopulator] Validating administratorAdministrator ... PASS
INFO [acme.framework.utilities.DatabasePopulator] Validating administratorAuthenticated ... PASS
INFO [acme.framework.utilities.DatabasePopulator] Sorting your entities topologically.
INFO [acme.framework.utilities.DatabasePopulator] > Setting index 0 for anonymousUserAccount.
INFO [acme.framework.utilities.DatabasePopulator] > Setting index 1 for anonymousAnonymous.
INFO [acme.framework.utilities.DatabasePopulator] > Setting index 2 for administratorUserAccount.
INFO [acme.framework.utilities.DatabasePopulator] > Setting index 3 for administratorAdministrator.
INFO [acme.framework.utilities.DatabasePopulator] > Setting index 4 for administratorAuthenticated.
INFO [acme.framework.utilities.DatabasePopulator] Persiting your entities.
INFO [acme.framework.utilities.DatabasePopulator] > Persisting anonymousUserAccount = acme.framework.entities.UserAccount{id=1, version=0}
INFO [acme.framework.utilities.DatabasePopulator] > Persisting anonymousAnonymous = acme.framework.entities.Anonymous{id=2, version=0}
INFO [acme.framework.utilities.DatabasePopulator] > Persisting administratorUserAccount = acme.framework.entities.UserAccount{id=3, version=0}
INFO [acme.framework.utilities.DatabasePopulator] > Persisting administratorAdministrator = acme.framework.entities.Administrator{id=4, version=0}
INFO [acme.framework.utilities.DatabasePopulator] > Persisting administratorAuthenticated = acme.framework.entities.Authenticated{id=5, version=0}
INFO [acme.framework.configuration.ShutdownConfiguration] The system is shutting down...
INFO [acme.Launcher] Starting Launcher using Java 1.8.0_281 on DESKTOP-GA4H6FR with PID 2296 (C:\Users\pablo\OneDrive\Desktop\Workspace-21.1\Starters\Starter-Project\target\classes started by pablo in C:\Users\pablo\OneDrive\Desktop\Workspace-21.1\Starters\Starter-Project)
INFO [acme.Launcher] The following profiles are active: development,populator
INFO [acme.Launcher] Started Launcher in 4.86 seconds (JVM running for 5.262)
INFO [acme.framework.utilities.DatabasePopulator] Populating initial data
INFO [acme.framework.utilities.DatabasePopulator] Recreating schema
INFO [acme.framework.utilities.DatabasePopulator] Populating entities from classpath:/WEB-INF/population/initial-data.xml
INFO [acme.framework.utilities.DatabasePopulator] Validating your entities.
INFO [acme.framework.utilities.DatabasePopulator] Validating anonymousUserAccount ... PASS
INFO [acme.framework.utilities.DatabasePopulator] Validating anonymousAnonymous ... PASS
INFO [acme.framework.utilities.DatabasePopulator] Validating administratorUserAccount ... PASS
INFO [acme.framework.utilities.DatabasePopulator] Validating administratorAdministrator ... PASS
INFO [acme.framework.utilities.DatabasePopulator] Validating administratorAuthenticated ... PASS
INFO [acme.framework.utilities.DatabasePopulator] Sorting your entities topologically.
INFO [acme.framework.utilities.DatabasePopulator] > Setting index 0 for anonymousUserAccount.
INFO [acme.framework.utilities.DatabasePopulator] > Setting index 1 for anonymousAnonymous.
INFO [acme.framework.utilities.DatabasePopulator] > Setting index 2 for administratorUserAccount.
INFO [acme.framework.utilities.DatabasePopulator] > Setting index 3 for administratorAdministrator.
INFO [acme.framework.utilities.DatabasePopulator] > Setting index 4 for administratorAuthenticated.
INFO [acme.framework.utilities.DatabasePopulator] Persiting your entities.
INFO [acme.framework.utilities.DatabasePopulator] > Persisting anonymousUserAccount = acme.framework.entities.UserAccount{id=1, version=0}
INFO [acme.framework.utilities.DatabasePopulator] > Persisting anonymousAnonymous = acme.framework.entities.Anonymous{id=2, version=0}
INFO [acme.framework.utilities.DatabasePopulator] > Persisting administratorUserAccount = acme.framework.entities.UserAccount{id=3, version=0}
INFO [acme.framework.utilities.DatabasePopulator] > Persisting administratorAdministrator = acme.framework.entities.Administrator{id=4, version=0}
INFO [acme.framework.utilities.DatabasePopulator] > Persisting administratorAuthenticated = acme.framework.entities.Authenticated{id=5, version=0}
INFO [acme.framework.configuration.ShutdownConfiguration] The system is shutting down...
WARN [org.hibernate.orm.connections.pooling] HHH10001002: Using Hibernate built-in connection pool (not for production use!)
WARN [org.hibernate.orm.connections.pooling] HHH10001002: Using Hibernate built-in connection pool (not for production use!)
WARN [com.zaxxer.hikari.pool.PoolBase] {} - Failed to validate connection {} ({}). Possibly consider using a shorter maxLifetime value.
WARN [com.zaxxer.hikari.pool.PoolBase] {} - Failed to validate connection {} ({}). Possibly consider using a shorter maxLifetime value.
WARN [com.zaxxer.hikari.pool.PoolBase] {} - Failed to validate connection {} ({}). Possibly consider using a shorter maxLifetime value.
WARN [com.zaxxer.hikari.pool.PoolBase] {} - Failed to validate connection {} ({}). Possibly consider using a shorter maxLifetime value.
WARN [com.zaxxer.hikari.pool.PoolBase] {} - Failed to validate connection {} ({}). Possibly consider using a shorter maxLifetime value.
WARN [com.zaxxer.hikari.pool.PoolBase] {} - Failed to validate connection {} ({}). Possibly consider using a shorter maxLifetime value.
WARN [com.zaxxer.hikari.pool.PoolBase] {} - Failed to validate connection {} ({}). Possibly consider using a shorter maxLifetime value.
WARN [com.zaxxer.hikari.pool.PoolBase] {} - Failed to validate connection {} ({}). Possibly consider using a shorter maxLifetime value.
WARN [com.zaxxer.hikari.pool.PoolBase] {} - Failed to validate connection {} ({}). Possibly consider using a shorter maxLifetime value.
WARN [com.zaxxer.hikari.pool.PoolBase] {} - Failed to validate connection {} ({}). Possibly consider using a shorter maxLifetime value.
